# Fix print output for fix output1
0 1861.41221319687 -352111245.529961 300 
100 1860.53116800441 -352077759.77786 102.425189491981 
200 1860.83932044094 -352015771.324951 156.695354937952 
300 1860.82601772258 -351955211.12553 137.382388269862 
400 1860.81206697516 -351893343.373933 153.787280441161 
500 1860.8175054582 -351831514.670316 172.189058034949 
600 1860.79819669485 -351769636.139199 198.06093448174 
700 1860.82098751226 -351707882.512043 196.558319565138 
800 1860.87962879842 -351646156.139364 194.515513115923 
900 1860.9190189686 -351584721.913221 192.857716924325 
1000 1860.94768660517 -351523795.14444 196.849870361387 
1100 1860.98394988768 -351463295.175664 207.444203909607 
1200 1860.98706465403 -351403657.148129 208.734713880151 
1300 1861.02052265507 -351345125.699036 220.77493050009 
1400 1861.03651166853 -351287021.288288 226.085625412517 
1500 1861.06505542688 -351230903.028311 227.103861245764 
1600 1861.10567515024 -351175488.11693 230.270739089206 
1700 1861.11562068242 -351122348.039248 231.841041902554 
1800 1861.1407797581 -351070068.698943 243.021953113107 
1900 1861.14924733781 -351019404.533372 248.411292685893 
2000 1861.16779558328 -350970596.857717 253.332865328681 
2100 1861.19358647246 -350923475.976085 257.769612743862 
2200 1861.21356678995 -350878477.413188 259.393825188246 
2300 1861.23962603256 -350835452.096493 261.311949316819 
2400 1861.25998039957 -350794908.769119 262.721596987602 
2500 1861.27255397255 -350756139.194278 267.975554793042 
2600 1861.28384958937 -350719712.874826 272.884013125364 
2700 1861.29650113119 -350684666.985085 278.506972376294 
2800 1861.30646473406 -350652594.32855 278.587539573805 
2900 1861.32911772839 -350622380.026271 282.26632865711 
3000 1861.33691914398 -350594711.583352 281.87674361173 
3100 1861.35007149446 -350569550.609997 285.05976883559 
3200 1861.35672897686 -350546000.92256 288.125569152978 
3300 1861.35995769446 -350524979.478891 290.630074360599 
3400 1861.37327751702 -350505438.342446 294.254492386453 
3500 1861.37711608394 -350488283.667467 293.180361784625 
3600 1861.3892877649 -350473588.919601 294.520756152265 
3700 1861.39624081345 -350460427.631502 294.10930417499 
3800 1861.40031172799 -350449875.914955 295.263390620966 
3900 1861.4033834539 -350440508.465323 296.287614037169 
4000 1861.40285360371 -350433042.538603 298.606505047914 
4100 1861.40338478579 -350426274.15169 299.728997070985 
4200 1861.40853831493 -350420884.045388 300.288090973879 
4300 1861.41048907623 -350417661.469616 299.04769311205 
4400 1861.41172677337 -350416477.062784 298.558742738655 
4500 1861.41324677217 -350414900.437195 299.563856140727 
4600 1861.41038753052 -350412839.461644 299.630036946669 
4700 1861.41302052876 -350412225.041782 300.572127755573 
4800 1861.41184043824 -350410551.086127 300.304093763578 
4900 1861.41272413407 -350411449.5468 300.36788570705 
5000 1861.4158574332 -350409924.048242 300.05568707419 
